<?xml version="1.0" encoding="UTF-8"?>
<coverage generated="1671138055082" clover="3.2.0">
  <project timestamp="1671138055082" name="All files">
    <metrics statements="2" coveredstatements="0" conditionals="0" coveredconditionals="0" methods="1" coveredmethods="0" elements="3" coveredelements="0" complexity="0" loc="2" ncloc="2" packages="1" files="1" classes="1"/>
    <file name="Home.tsx" path="/home/zekitos/Documentos/react-native-tests/react-tests/src/Home.tsx">
      <metrics statements="2" coveredstatements="0" conditionals="0" coveredconditionals="0" methods="1" coveredmethods="0"/>
      <line num="5" count="0" type="stmt"/>
      <line num="6" count="0" type="stmt"/>
    </file>
  </project>
</coverage>
