{"/home/zekitos/Documentos/react-native-tests/react-tests/src/Home.tsx": {"path":"/home/zekitos/Documentos/react-native-tests/react-tests/src/Home.tsx","statementMap":{"0":{"start":{"line":5,"column":13},"end":{"line":12,"column":1}},"1":{"start":{"line":6,"column":2},"end":{"line":11,"column":3}}},"fnMap":{"0":{"name":"(anonymous_0)","decl":{"start":{"line":5,"column":13},"end":{"line":5,"column":14}},"loc":{"start":{"line":5,"column":19},"end":{"line":12,"column":1}},"line":5}},"branchMap":{},"s":{"0":0,"1":0},"f":{"0":0},"b":{}}
}
